# JRE version: OpenJDK Runtime Environment Temurin-21.0.11+10 (21.0.11+10) (build 21.0.11+10-LTS)
# Java VM: OpenJDK 64-Bit Server VM Temurin-21.0.11+10 (21.0.11+10-LTS, mixed mode, sharing, tiered, compressed oops, compressed class ptrs, parallel gc, windows-amd64)
GC Precious Log:
 CardTable entry size: 512
 CPUs: 12 total, 12 available
 Memory: 5989M
 Large Page Support: Disabled
 NUMA Support: Disabled
 Compressed Oops: Enabled (32-bit)
 Alignments: Space 512K, Generation 512K, Heap 2M
 Heap Min Capacity: 100M
 Heap Initial Capacity: 100M
 Heap Max Capacity: 2G
 Pre-touch: Disabled
 Parallel Workers: 10
Heap:
 PSYoungGen      total 10752K, used 5944K [0x00000000d5580000, 0x00000000d6880000, 0x0000000100000000)
  eden space 10240K, 54% used [0x00000000d5580000,0x00000000d5afe3a8,0x00000000d5f80000)
  from space 512K, 62% used [0x00000000d6780000,0x00000000d67d0020,0x00000000d6800000)
  to   space 512K, 0% used [0x00000000d6800000,0x00000000d6800000,0x00000000d6880000)
 ParOldGen       total 102400K, used 102026K [0x0000000080000000, 0x0000000086400000, 0x00000000d5580000)
  object space 102400K, 99% used [0x0000000080000000,0x00000000863a2b50,0x0000000086400000)
 Metaspace       used 74036K, committed 75648K, reserved 1179648K
  class space    used 7742K, committed 8448K, reserved 1048576K
GC Heap History (20 events):
Event: 7088.643 GC heap before
{Heap before GC invocations=87 (full 3):
 PSYoungGen      total 12288K, used 11753K [0x00000000d5580000, 0x00000000d6b80000, 0x0000000100000000)
  eden space 10240K, 98% used [0x00000000d5580000,0x00000000d5f66640,0x00000000d5f80000)
  from space 2048K, 78% used [0x00000000d6780000,0x00000000d6914050,0x00000000d6980000)
  to   space 2048K, 0% used [0x00000000d6980000,0x00000000d6980000,0x00000000d6b80000)
 ParOldGen       total 98304K, used 97950K [0x0000000080000000, 0x0000000086000000, 0x00000000d5580000)
  object space 98304K, 99% used [0x0000000080000000,0x0000000085fa78c0,0x0000000086000000)
 Metaspace       used 73476K, committed 75136K, reserved 1179648K
  class space    used 7717K, committed 8448K, reserved 1048576K
}
Event: 7088.647 GC heap after
{Heap after GC invocations=87 (full 3):
 PSYoungGen      total 12288K, used 1606K [0x00000000d5580000, 0x00000000d6b80000, 0x0000000100000000)
  eden space 10240K, 0% used [0x00000000d5580000,0x00000000d5580000,0x00000000d5f80000)
  from space 2048K, 78% used [0x00000000d6980000,0x00000000d6b11828,0x00000000d6b80000)
  to   space 2048K, 0% used [0x00000000d6780000,0x00000000d6780000,0x00000000d6980000)
 ParOldGen       total 99840K, used 99357K [0x0000000080000000, 0x0000000086180000, 0x00000000d5580000)
  object space 99840K, 99% used [0x0000000080000000,0x0000000086107410,0x0000000086180000)
 Metaspace       used 73476K, committed 75136K, reserved 1179648K
  class space    used 7717K, committed 8448K, reserved 1048576K
}
Event: 7092.518 GC heap before
{Heap before GC invocations=88 (full 3):
 PSYoungGen      total 12288K, used 11845K [0x00000000d5580000, 0x00000000d6b80000, 0x0000000100000000)
  eden space 10240K, 99% used [0x00000000d5580000,0x00000000d5f7ffb0,0x00000000d5f80000)
  from space 2048K, 78% used [0x00000000d6980000,0x00000000d6b11828,0x00000000d6b80000)
  to   space 2048K, 0% used [0x00000000d6780000,0x00000000d6780000,0x00000000d6980000)
 ParOldGen       total 99840K, used 99357K [0x0000000080000000, 0x0000000086180000, 0x00000000d5580000)
  object space 99840K, 99% used [0x0000000080000000,0x0000000086107410,0x0000000086180000)
 Metaspace       used 73497K, committed 75200K, reserved 1179648K
  class space    used 7717K, committed 8448K, reserved 1048576K
}
Event: 7092.522 GC heap after
{Heap after GC invocations=88 (full 3):
 PSYoungGen      total 11776K, used 1115K [0x00000000d5580000, 0x00000000d6a00000, 0x0000000100000000)
  eden space 10240K, 0% used [0x00000000d5580000,0x00000000d5580000,0x00000000d5f80000)
  from space 1536K, 72% used [0x00000000d6780000,0x00000000d6896d28,0x00000000d6900000)
  to   space 1024K, 0% used [0x00000000d6900000,0x00000000d6900000,0x00000000d6a00000)
 ParOldGen       total 100864K, used 100434K [0x0000000080000000, 0x0000000086280000, 0x00000000d5580000)
  object space 100864K, 99% used [0x0000000080000000,0x0000000086214a80,0x0000000086280000)
 Metaspace       used 73497K, committed 75200K, reserved 1179648K
  class space    used 7717K, committed 8448K, reserved 1048576K
}
Event: 7653.954 GC heap before
{Heap before GC invocations=89 (full 3):
 PSYoungGen      total 11776K, used 11355K [0x00000000d5580000, 0x00000000d6a00000, 0x0000000100000000)
  eden space 10240K, 100% used [0x00000000d5580000,0x00000000d5f80000,0x00000000d5f80000)
  from space 1536K, 72% used [0x00000000d6780000,0x00000000d6896d28,0x00000000d6900000)
  to   space 1024K, 0% used [0x00000000d6900000,0x00000000d6900000,0x00000000d6a00000)
 ParOldGen       total 100864K, used 100434K [0x0000000080000000, 0x0000000086280000, 0x00000000d5580000)
  object space 100864K, 99% used [0x0000000080000000,0x0000000086214a80,0x0000000086280000)
 Metaspace       used 73537K, committed 75200K, reserved 1179648K
  class space    used 7719K, committed 8448K, reserved 1048576K
}
Event: 7654.025 GC heap after
{Heap after GC invocations=89 (full 3):
 PSYoungGen      total 10752K, used 448K [0x00000000d5580000, 0x00000000d6980000, 0x0000000100000000)
  eden space 10240K, 0% used [0x00000000d5580000,0x00000000d5580000,0x00000000d5f80000)
  from space 512K, 87% used [0x00000000d6900000,0x00000000d6970000,0x00000000d6980000)
  to   space 1024K, 0% used [0x00000000d6780000,0x00000000d6780000,0x00000000d6880000)
 ParOldGen       total 100864K, used 100658K [0x0000000080000000, 0x0000000086280000, 0x00000000d5580000)
  object space 100864K, 99% used [0x0000000080000000,0x000000008624ca80,0x0000000086280000)
 Metaspace       used 73537K, committed 75200K, reserved 1179648K
  class space    used 7719K, committed 8448K, reserved 1048576K
}
Event: 7654.233 GC heap before
{Heap before GC invocations=90 (full 3):
 PSYoungGen      total 10752K, used 10688K [0x00000000d5580000, 0x00000000d6980000, 0x0000000100000000)
  eden space 10240K, 100% used [0x00000000d5580000,0x00000000d5f80000,0x00000000d5f80000)
  from space 512K, 87% used [0x00000000d6900000,0x00000000d6970000,0x00000000d6980000)
  to   space 1024K, 0% used [0x00000000d6780000,0x00000000d6780000,0x00000000d6880000)
 ParOldGen       total 100864K, used 100658K [0x0000000080000000, 0x0000000086280000, 0x00000000d5580000)
  object space 100864K, 99% used [0x0000000080000000,0x000000008624ca80,0x0000000086280000)
 Metaspace       used 73541K, committed 75200K, reserved 1179648K
  class space    used 7719K, committed 8448K, reserved 1048576K
}
Event: 7654.237 GC heap after
{Heap after GC invocations=90 (full 3):
 PSYoungGen      total 11264K, used 987K [0x00000000d5580000, 0x00000000d6980000, 0x0000000100000000)
  eden space 10240K, 0% used [0x00000000d5580000,0x00000000d5580000,0x00000000d5f80000)
  from space 1024K, 96% used [0x00000000d6780000,0x00000000d6876d28,0x00000000d6880000)
  to   space 1024K, 0% used [0x00000000d6880000,0x00000000d6880000,0x00000000d6980000)
 ParOldGen       total 100864K, used 100802K [0x0000000080000000, 0x0000000086280000, 0x00000000d5580000)
  object space 100864K, 99% used [0x0000000080000000,0x0000000086270a80,0x0000000086280000)
 Metaspace       used 73541K, committed 75200K, reserved 1179648K
  class space    used 7719K, committed 8448K, reserved 1048576K
}
Event: 72262.922 GC heap before
{Heap before GC invocations=91 (full 3):
 PSYoungGen      total 11264K, used 11227K [0x00000000d5580000, 0x00000000d6980000, 0x0000000100000000)
  eden space 10240K, 100% used [0x00000000d5580000,0x00000000d5f80000,0x00000000d5f80000)
  from space 1024K, 96% used [0x00000000d6780000,0x00000000d6876d28,0x00000000d6880000)
  to   space 1024K, 0% used [0x00000000d6880000,0x00000000d6880000,0x00000000d6980000)
 ParOldGen       total 100864K, used 100802K [0x0000000080000000, 0x0000000086280000, 0x00000000d5580000)
  object space 100864K, 99% used [0x0000000080000000,0x0000000086270a80,0x0000000086280000)
 Metaspace       used 73758K, committed 75456K, reserved 1179648K
  class space    used 7740K, committed 8448K, reserved 1048576K
}
Event: 72263.133 GC heap after
{Heap after GC invocations=91 (full 3):
 PSYoungGen      total 11264K, used 928K [0x00000000d5580000, 0x00000000d6980000, 0x0000000100000000)
  eden space 10240K, 0% used [0x00000000d5580000,0x00000000d5580000,0x00000000d5f80000)
  from space 1024K, 90% used [0x00000000d6880000,0x00000000d6968000,0x00000000d6980000)
  to   space 1024K, 0% used [0x00000000d6780000,0x00000000d6780000,0x00000000d6880000)
 ParOldGen       total 101376K, used 100964K [0x0000000080000000, 0x0000000086300000, 0x00000000d5580000)
  object space 101376K, 99% used [0x0000000080000000,0x0000000086299390,0x0000000086300000)
 Metaspace       used 73758K, committed 75456K, reserved 1179648K
  class space    used 7740K, committed 8448K, reserved 1048576K
}
Event: 72453.185 GC heap before
{Heap before GC invocations=92 (full 3):
 PSYoungGen      total 11264K, used 11168K [0x00000000d5580000, 0x00000000d6980000, 0x0000000100000000)
  eden space 10240K, 100% used [0x00000000d5580000,0x00000000d5f80000,0x00000000d5f80000)
  from space 1024K, 90% used [0x00000000d6880000,0x00000000d6968000,0x00000000d6980000)
  to   space 1024K, 0% used [0x00000000d6780000,0x00000000d6780000,0x00000000d6880000)
 ParOldGen       total 101376K, used 100964K [0x0000000080000000, 0x0000000086300000, 0x00000000d5580000)
  object space 101376K, 99% used [0x0000000080000000,0x0000000086299390,0x0000000086300000)
 Metaspace       used 73828K, committed 75456K, reserved 1179648K
  class space    used 7740K, committed 8448K, reserved 1048576K
}
Event: 72453.238 GC heap after
{Heap after GC invocations=92 (full 3):
 PSYoungGen      total 10752K, used 320K [0x00000000d5580000, 0x00000000d6900000, 0x0000000100000000)
  eden space 10240K, 0% used [0x00000000d5580000,0x00000000d5580000,0x00000000d5f80000)
  from space 512K, 62% used [0x00000000d6780000,0x00000000d67d0000,0x00000000d6800000)
  to   space 1024K, 0% used [0x00000000d6800000,0x00000000d6800000,0x00000000d6900000)
 ParOldGen       total 101888K, used 101650K [0x0000000080000000, 0x0000000086380000, 0x00000000d5580000)
  object space 101888K, 99% used [0x0000000080000000,0x0000000086344b10,0x0000000086380000)
 Metaspace       used 73828K, committed 75456K, reserved 1179648K
  class space    used 7740K, committed 8448K, reserved 1048576K
}
Event: 72559.956 GC heap before
{Heap before GC invocations=93 (full 3):
 PSYoungGen      total 10752K, used 10560K [0x00000000d5580000, 0x00000000d6900000, 0x0000000100000000)
  eden space 10240K, 100% used [0x00000000d5580000,0x00000000d5f80000,0x00000000d5f80000)
  from space 512K, 62% used [0x00000000d6780000,0x00000000d67d0000,0x00000000d6800000)
  to   space 1024K, 0% used [0x00000000d6800000,0x00000000d6800000,0x00000000d6900000)
 ParOldGen       total 101888K, used 101650K [0x0000000080000000, 0x0000000086380000, 0x00000000d5580000)
  object space 101888K, 99% used [0x0000000080000000,0x0000000086344b10,0x0000000086380000)
 Metaspace       used 73845K, committed 75520K, reserved 1179648K
  class space    used 7740K, committed 8448K, reserved 1048576K
}
Event: 72559.974 GC heap after
{Heap after GC invocations=93 (full 3):
 PSYoungGen      total 10752K, used 288K [0x00000000d5580000, 0x00000000d6880000, 0x0000000100000000)
  eden space 10240K, 0% used [0x00000000d5580000,0x00000000d5580000,0x00000000d5f80000)
  from space 512K, 56% used [0x00000000d6800000,0x00000000d6848000,0x00000000d6880000)
  to   space 512K, 0% used [0x00000000d6780000,0x00000000d6780000,0x00000000d6800000)
 ParOldGen       total 101888K, used 101714K [0x0000000080000000, 0x0000000086380000, 0x00000000d5580000)
  object space 101888K, 99% used [0x0000000080000000,0x0000000086354b10,0x0000000086380000)
 Metaspace       used 73845K, committed 75520K, reserved 1179648K
  class space    used 7740K, committed 8448K, reserved 1048576K
}
Event: 72772.976 GC heap before
{Heap before GC invocations=94 (full 3):
 PSYoungGen      total 10752K, used 10527K [0x00000000d5580000, 0x00000000d6880000, 0x0000000100000000)
  eden space 10240K, 99% used [0x00000000d5580000,0x00000000d5f7fff0,0x00000000d5f80000)
  from space 512K, 56% used [0x00000000d6800000,0x00000000d6848000,0x00000000d6880000)
  to   space 512K, 0% used [0x00000000d6780000,0x00000000d6780000,0x00000000d6800000)
 ParOldGen       total 101888K, used 101714K [0x0000000080000000, 0x0000000086380000, 0x00000000d5580000)
  object space 101888K, 99% used [0x0000000080000000,0x0000000086354b10,0x0000000086380000)
 Metaspace       used 73915K, committed 75584K, reserved 1179648K
  class space    used 7742K, committed 8448K, reserved 1048576K
}
Event: 72773.000 GC heap after
{Heap after GC invocations=94 (full 3):
 PSYoungGen      total 10752K, used 352K [0x00000000d5580000, 0x00000000d6880000, 0x0000000100000000)
  eden space 10240K, 0% used [0x00000000d5580000,0x00000000d5580000,0x00000000d5f80000)
  from space 512K, 68% used [0x00000000d6780000,0x00000000d67d8020,0x00000000d6800000)
  to   space 512K, 0% used [0x00000000d6800000,0x00000000d6800000,0x00000000d6880000)
 ParOldGen       total 101888K, used 101762K [0x0000000080000000, 0x0000000086380000, 0x00000000d5580000)
  object space 101888K, 99% used [0x0000000080000000,0x0000000086360b10,0x0000000086380000)
 Metaspace       used 73915K, committed 75584K, reserved 1179648K
  class space    used 7742K, committed 8448K, reserved 1048576K
}
Event: 72866.785 GC heap before
{Heap before GC invocations=95 (full 3):
 PSYoungGen      total 10752K, used 10592K [0x00000000d5580000, 0x00000000d6880000, 0x0000000100000000)
  eden space 10240K, 100% used [0x00000000d5580000,0x00000000d5f80000,0x00000000d5f80000)
  from space 512K, 68% used [0x00000000d6780000,0x00000000d67d8020,0x00000000d6800000)
  to   space 512K, 0% used [0x00000000d6800000,0x00000000d6800000,0x00000000d6880000)
 ParOldGen       total 101888K, used 101762K [0x0000000080000000, 0x0000000086380000, 0x00000000d5580000)
  object space 101888K, 99% used [0x0000000080000000,0x0000000086360b10,0x0000000086380000)
 Metaspace       used 73955K, committed 75584K, reserved 1179648K
  class space    used 7742K, committed 8448K, reserved 1048576K
}
Event: 72866.831 GC heap after
{Heap after GC invocations=95 (full 3):
 PSYoungGen      total 10752K, used 352K [0x00000000d5580000, 0x00000000d6880000, 0x0000000100000000)
  eden space 10240K, 0% used [0x00000000d5580000,0x00000000d5580000,0x00000000d5f80000)
  from space 512K, 68% used [0x00000000d6800000,0x00000000d6858020,0x00000000d6880000)
  to   space 512K, 0% used [0x00000000d6780000,0x00000000d6780000,0x00000000d6800000)
 ParOldGen       total 102400K, used 101898K [0x0000000080000000, 0x0000000086400000, 0x00000000d5580000)
  object space 102400K, 99% used [0x0000000080000000,0x0000000086382b30,0x0000000086400000)
 Metaspace       used 73955K, committed 75584K, reserved 1179648K
  class space    used 7742K, committed 8448K, reserved 1048576K
}
Event: 72905.572 GC heap before
{Heap before GC invocations=96 (full 3):
 PSYoungGen      total 10752K, used 10592K [0x00000000d5580000, 0x00000000d6880000, 0x0000000100000000)
  eden space 10240K, 100% used [0x00000000d5580000,0x00000000d5f80000,0x00000000d5f80000)
  from space 512K, 68% used [0x00000000d6800000,0x00000000d6858020,0x00000000d6880000)
  to   space 512K, 0% used [0x00000000d6780000,0x00000000d6780000,0x00000000d6800000)
 ParOldGen       total 102400K, used 101898K [0x0000000080000000, 0x0000000086400000, 0x00000000d5580000)
  object space 102400K, 99% used [0x0000000080000000,0x0000000086382b30,0x0000000086400000)
 Metaspace       used 73994K, committed 75584K, reserved 1179648K
  class space    used 7742K, committed 8448K, reserved 1048576K
}
Event: 72905.588 GC heap after
{Heap after GC invocations=96 (full 3):
 PSYoungGen      total 10752K, used 320K [0x00000000d5580000, 0x00000000d6880000, 0x0000000100000000)
  eden space 10240K, 0% used [0x00000000d5580000,0x00000000d5580000,0x00000000d5f80000)
  from space 512K, 62% used [0x00000000d6780000,0x00000000d67d0020,0x00000000d6800000)
  to   space 512K, 0% used [0x00000000d6800000,0x00000000d6800000,0x00000000d6880000)
 ParOldGen       total 102400K, used 102026K [0x0000000080000000, 0x0000000086400000, 0x00000000d5580000)
  object space 102400K, 99% used [0x0000000080000000,0x00000000863a2b50,0x0000000086400000)
 Metaspace       used 73994K, committed 75584K, reserved 1179648K
  class space    used 7742K, committed 8448K, reserved 1048576K
}

